app/build/intermediates/manifest_merge_blame_file/debug/manifest-merger-blame-debug-report.txt
1<?xml version="1.0" encoding="utf-8"?>
2<!--
3    ~ Copyright 2022 The TensorFlow Authors. All Rights Reserved.
4    ~
5    ~ Licensed under the Apache License, Version 2.0 (the "License");
6    ~ you may not use this file except in compliance with the License.
7    ~ You may obtain a copy of the License at
8    ~
9    ~       http://www.apache.org/licenses/LICENSE-2.0
10    ~
11    ~ Unless required by applicable law or agreed to in writing, software
12    ~ distributed under the License is distributed on an "AS IS" BASIS,
13    ~ WITHOUT WARRANTIES OR CONDITIONS OF ANY KIND, either express or implied.
14    ~ See the License for the specific language governing permissions and
15    ~ limitations under the License.
16-->
17<manifest xmlns:android="http://schemas.android.com/apk/res/android"
18    xmlns:dist="http://schemas.android.com/apk/distribution"
19    package="org.tensorflow.lite.examples.objectdetection"
20    android:versionCode="1"
21    android:versionName="1.0.0" >
22
23    <uses-sdk
24        android:minSdkVersion="21"
24-->src/main/AndroidManifest.xml
25        android:targetSdkVersion="32" />
25-->src/main/AndroidManifest.xml
26
27    <!-- Enable instant app support -->
28    <dist:module dist:instant="true" />
28-->src/main/AndroidManifest.xml:24:5-40
28-->src/main/AndroidManifest.xml:24:18-37
29
30    <!-- Declare features -->
31    <uses-feature android:name="android.hardware.camera" />
31-->src/main/AndroidManifest.xml:27:5-60
31-->src/main/AndroidManifest.xml:27:19-57
32
33    <!-- Declare permissions -->
34    <uses-permission android:name="android.permission.CAMERA" />
34-->src/main/AndroidManifest.xml:30:5-65
34-->src/main/AndroidManifest.xml:30:22-62
35    <uses-permission android:name="android.permission.WRITE_EXTERNAL_STORAGE" />
36    <uses-permission android:name="android.permission.READ_PHONE_STATE" />
37    <uses-permission android:name="android.permission.READ_EXTERNAL_STORAGE" />
38
39    <application
39-->src/main/AndroidManifest.xml:32:5-66:19
40        android:allowBackup="true"
40-->src/main/AndroidManifest.xml:36:9-35
41        android:appComponentFactory="androidx.core.app.CoreComponentFactory"
41-->[androidx.core:core:1.6.0] AndroidManifest.xml:24:18-86
42        android:debuggable="true"
43        android:icon="@mipmap/ic_launcher"
43-->src/main/AndroidManifest.xml:33:9-43
44        android:label="@string/app_name"
44-->src/main/AndroidManifest.xml:35:9-41
45        android:roundIcon="@mipmap/ic_launcher_round"
45-->src/main/AndroidManifest.xml:34:9-54
46        android:taskAffinity=""
46-->src/main/AndroidManifest.xml:37:9-32
47        android:testOnly="true" >
48        <activity
48-->src/main/AndroidManifest.xml:39:9-48:34
49            android:name="org.tensorflow.lite.examples.objectdetection.SeeActivity"
49-->src/main/AndroidManifest.xml:40:13-40
50            android:clearTaskOnLaunch="true"
50-->src/main/AndroidManifest.xml:41:13-45
51            android:configChanges="orientation|screenLayout|screenSize|smallestScreenSize"
51-->src/main/AndroidManifest.xml:47:13-91
52            android:exported="false"
52-->src/main/AndroidManifest.xml:43:13-37
53            android:icon="@mipmap/ic_launcher"
53-->src/main/AndroidManifest.xml:44:13-47
54            android:resizeableActivity="true"
54-->src/main/AndroidManifest.xml:46:13-46
55            android:rotationAnimation="seamless"
55-->src/main/AndroidManifest.xml:45:13-49
56            android:theme="@style/AppTheme" />
56-->src/main/AndroidManifest.xml:42:13-44
57        <activity
57-->src/main/AndroidManifest.xml:49:9-51:40
58            android:name="org.tensorflow.lite.examples.objectdetection.SpeechToTextActivity"
58-->src/main/AndroidManifest.xml:50:13-49
59            android:exported="false" />
59-->src/main/AndroidManifest.xml:51:13-37
60        <activity
60-->src/main/AndroidManifest.xml:52:9-64:20
61            android:name="org.tensorflow.lite.examples.objectdetection.HomePage"
61-->src/main/AndroidManifest.xml:53:13-37
62            android:exported="true" >
62-->src/main/AndroidManifest.xml:54:13-36
63
64            <!-- Main app intent filter -->
65            <intent-filter>
65-->src/main/AndroidManifest.xml:56:13-59:29
66                <action android:name="android.intent.action.MAIN" />
66-->src/main/AndroidManifest.xml:57:17-69
66-->src/main/AndroidManifest.xml:57:25-66
67
68                <category android:name="android.intent.category.LAUNCHER" />
68-->src/main/AndroidManifest.xml:58:17-77
68-->src/main/AndroidManifest.xml:58:27-74
69            </intent-filter>
70
71            <!-- Declare notch support -->
72            <meta-data
72-->src/main/AndroidManifest.xml:62:13-83
73                android:name="android.notch_support"
73-->src/main/AndroidManifest.xml:62:24-60
74                android:value="true" />
74-->src/main/AndroidManifest.xml:62:61-81
75        </activity>
76
77        <uses-library
77-->[androidx.window:window:1.0.0-alpha09] AndroidManifest.xml:25:9-27:40
78            android:name="androidx.window.extensions"
78-->[androidx.window:window:1.0.0-alpha09] AndroidManifest.xml:26:13-54
79            android:required="false" />
79-->[androidx.window:window:1.0.0-alpha09] AndroidManifest.xml:27:13-37
80        <uses-library
80-->[androidx.window:window:1.0.0-alpha09] AndroidManifest.xml:28:9-30:40
81            android:name="androidx.window.sidecar"
81-->[androidx.window:window:1.0.0-alpha09] AndroidManifest.xml:29:13-51
82            android:required="false" />
82-->[androidx.window:window:1.0.0-alpha09] AndroidManifest.xml:30:13-37
83
84        <service
84-->[androidx.camera:camera-camera2:1.1.0-beta03] AndroidManifest.xml:26:9-35:19
85            android:name="androidx.camera.core.impl.MetadataHolderService"
85-->[androidx.camera:camera-camera2:1.1.0-beta03] AndroidManifest.xml:27:13-75
86            android:enabled="false"
86-->[androidx.camera:camera-camera2:1.1.0-beta03] AndroidManifest.xml:28:13-36
87            android:exported="false" >
87-->[androidx.camera:camera-camera2:1.1.0-beta03] AndroidManifest.xml:29:13-37
88            <meta-data
88-->[androidx.camera:camera-camera2:1.1.0-beta03] AndroidManifest.xml:32:13-34:89
89                android:name="androidx.camera.core.impl.MetadataHolderService.DEFAULT_CONFIG_PROVIDER"
89-->[androidx.camera:camera-camera2:1.1.0-beta03] AndroidManifest.xml:33:17-103
90                android:value="androidx.camera.camera2.Camera2Config$DefaultProvider" />
90-->[androidx.camera:camera-camera2:1.1.0-beta03] AndroidManifest.xml:34:17-86
91        </service>
92
93        <provider
93-->[androidx.lifecycle:lifecycle-process:2.2.0] AndroidManifest.xml:25:9-29:43
94            android:name="androidx.lifecycle.ProcessLifecycleOwnerInitializer"
94-->[androidx.lifecycle:lifecycle-process:2.2.0] AndroidManifest.xml:26:13-79
95            android:authorities="org.tensorflow.lite.examples.objectdetection.lifecycle-process"
95-->[androidx.lifecycle:lifecycle-process:2.2.0] AndroidManifest.xml:27:13-69
96            android:exported="false"
96-->[androidx.lifecycle:lifecycle-process:2.2.0] AndroidManifest.xml:28:13-37
97            android:multiprocess="true" />
97-->[androidx.lifecycle:lifecycle-process:2.2.0] AndroidManifest.xml:29:13-40
98    </application>
99
100</manifest>